<?xml version="1.0" encoding="UTF-8"?>
<testsuite xmlns:xsi="http://www.w3.org/2001/XMLSchema-instance" xsi:noNamespaceSchemaLocation="https://maven.apache.org/surefire/maven-surefire-plugin/xsd/surefire-test-report.xsd" name="nosql.mongodb.projekat.AppTest" time="0.049" tests="1" errors="0" skipped="0" failures="0">
  <properties>
    <property name="sun.desktop" value="windows"/>
    <property name="awt.toolkit" value="sun.awt.windows.WToolkit"/>
    <property name="java.specification.version" value="11"/>
    <property name="sun.cpu.isalist" value="amd64"/>
    <property name="sun.jnu.encoding" value="Cp1252"/>
    <property name="java.class.path" value="D:\ZIMSKI SEMESTAR 2020\NOSQL\Projekat-MongoDB\NoSQLMonogoDBProjekat\target\test-classes;D:\ZIMSKI SEMESTAR 2020\NOSQL\Projekat-MongoDB\NoSQLMonogoDBProjekat\target\classes;C:\Users\Aki\.m2\repository\junit\junit\4.11\junit-4.11.jar;C:\Users\Aki\.m2\repository\org\hamcrest\hamcrest-core\1.3\hamcrest-core-1.3.jar;C:\Users\Aki\.m2\repository\com\fasterxml\jackson\core\jackson-core\2.12.0-rc1\jackson-core-2.12.0-rc1.jar;C:\Users\Aki\.m2\repository\com\fasterxml\jackson\core\jackson-databind\2.12.0-rc1\jackson-databind-2.12.0-rc1.jar;C:\Users\Aki\.m2\repository\com\fasterxml\jackson\core\jackson-annotations\2.12.0-rc1\jackson-annotations-2.12.0-rc1.jar;C:\Users\Aki\.m2\repository\com\opencsv\opencsv\4.1\opencsv-4.1.jar;C:\Users\Aki\.m2\repository\org\apache\commons\commons-lang3\3.6\commons-lang3-3.6.jar;C:\Users\Aki\.m2\repository\org\apache\commons\commons-text\1.1\commons-text-1.1.jar;C:\Users\Aki\.m2\repository\commons-beanutils\commons-beanutils\1.9.3\commons-beanutils-1.9.3.jar;C:\Users\Aki\.m2\repository\commons-logging\commons-logging\1.2\commons-logging-1.2.jar;C:\Users\Aki\.m2\repository\commons-collections\commons-collections\3.2.2\commons-collections-3.2.2.jar;C:\Users\Aki\.m2\repository\org\mongodb\mongodb-driver\3.12.7\mongodb-driver-3.12.7.jar;C:\Users\Aki\.m2\repository\org\mongodb\bson\3.12.7\bson-3.12.7.jar;C:\Users\Aki\.m2\repository\org\mongodb\mongodb-driver-core\3.12.7\mongodb-driver-core-3.12.7.jar;"/>
    <property name="java.vm.vendor" value="Oracle Corporation"/>
    <property name="sun.arch.data.model" value="64"/>
    <property name="user.variant" value=""/>
    <property name="java.vendor.url" value="https://openjdk.java.net/"/>
    <property name="user.timezone" value="Europe/Prague"/>
    <property name="java.vm.specification.version" value="11"/>
    <property name="os.name" value="Windows 10"/>
    <property name="sun.java.launcher" value="SUN_STANDARD"/>
    <property name="user.country" value="US"/>
    <property name="sun.boot.library.path" value="C:\Program Files\Java\jdk-11.0.9\bin"/>
    <property name="sun.java.command" value="C:\Users\Aki\AppData\Local\Temp\surefire6615437874180626466\surefirebooter9532312434676434438.jar C:\Users\Aki\AppData\Local\Temp\surefire6615437874180626466 2020-12-11T15-04-06_674-jvmRun1 surefire3651442266383479125tmp surefire_013908576806809837951tmp"/>
    <property name="jdk.debug" value="release"/>
    <property name="surefire.test.class.path" value="D:\ZIMSKI SEMESTAR 2020\NOSQL\Projekat-MongoDB\NoSQLMonogoDBProjekat\target\test-classes;D:\ZIMSKI SEMESTAR 2020\NOSQL\Projekat-MongoDB\NoSQLMonogoDBProjekat\target\classes;C:\Users\Aki\.m2\repository\junit\junit\4.11\junit-4.11.jar;C:\Users\Aki\.m2\repository\org\hamcrest\hamcrest-core\1.3\hamcrest-core-1.3.jar;C:\Users\Aki\.m2\repository\com\fasterxml\jackson\core\jackson-core\2.12.0-rc1\jackson-core-2.12.0-rc1.jar;C:\Users\Aki\.m2\repository\com\fasterxml\jackson\core\jackson-databind\2.12.0-rc1\jackson-databind-2.12.0-rc1.jar;C:\Users\Aki\.m2\repository\com\fasterxml\jackson\core\jackson-annotations\2.12.0-rc1\jackson-annotations-2.12.0-rc1.jar;C:\Users\Aki\.m2\repository\com\opencsv\opencsv\4.1\opencsv-4.1.jar;C:\Users\Aki\.m2\repository\org\apache\commons\commons-lang3\3.6\commons-lang3-3.6.jar;C:\Users\Aki\.m2\repository\org\apache\commons\commons-text\1.1\commons-text-1.1.jar;C:\Users\Aki\.m2\repository\commons-beanutils\commons-beanutils\1.9.3\commons-beanutils-1.9.3.jar;C:\Users\Aki\.m2\repository\commons-logging\commons-logging\1.2\commons-logging-1.2.jar;C:\Users\Aki\.m2\repository\commons-collections\commons-collections\3.2.2\commons-collections-3.2.2.jar;C:\Users\Aki\.m2\repository\org\mongodb\mongodb-driver\3.12.7\mongodb-driver-3.12.7.jar;C:\Users\Aki\.m2\repository\org\mongodb\bson\3.12.7\bson-3.12.7.jar;C:\Users\Aki\.m2\repository\org\mongodb\mongodb-driver-core\3.12.7\mongodb-driver-core-3.12.7.jar;"/>
    <property name="sun.cpu.endian" value="little"/>
    <property name="user.home" value="C:\Users\Aki"/>
    <property name="user.language" value="en"/>
    <property name="java.specification.vendor" value="Oracle Corporation"/>
    <property name="java.version.date" value="2020-10-20"/>
    <property name="java.home" value="C:\Program Files\Java\jdk-11.0.9"/>
    <property name="file.separator" value="\"/>
    <property name="basedir" value="D:\ZIMSKI SEMESTAR 2020\NOSQL\Projekat-MongoDB\NoSQLMonogoDBProjekat"/>
    <property name="java.vm.compressedOopsMode" value="32-bit"/>
    <property name="line.separator" value="&#10;"/>
    <property name="java.specification.name" value="Java Platform API Specification"/>
    <property name="java.vm.specification.vendor" value="Oracle Corporation"/>
    <property name="java.awt.graphicsenv" value="sun.awt.Win32GraphicsEnvironment"/>
    <property name="surefire.real.class.path" value="C:\Users\Aki\AppData\Local\Temp\surefire6615437874180626466\surefirebooter9532312434676434438.jar"/>
    <property name="user.script" value=""/>
    <property name="sun.management.compiler" value="HotSpot 64-Bit Tiered Compilers"/>
    <property name="java.runtime.version" value="11.0.9+7-LTS"/>
    <property name="user.name" value="Aki"/>
    <property name="path.separator" value=";"/>
    <property name="os.version" value="10.0"/>
    <property name="java.runtime.name" value="Java(TM) SE Runtime Environment"/>
    <property name="file.encoding" value="Cp1252"/>
    <property name="java.vm.name" value="Java HotSpot(TM) 64-Bit Server VM"/>
    <property name="java.vendor.version" value="18.9"/>
    <property name="localRepository" value="C:\Users\Aki\.m2\repository"/>
    <property name="java.vendor.url.bug" value="https://bugreport.java.com/bugreport/"/>
    <property name="java.io.tmpdir" value="C:\Users\Aki\AppData\Local\Temp\"/>
    <property name="java.version" value="11.0.9"/>
    <property name="user.dir" value="D:\ZIMSKI SEMESTAR 2020\NOSQL\Projekat-MongoDB\NoSQLMonogoDBProjekat"/>
    <property name="os.arch" value="amd64"/>
    <property name="java.vm.specification.name" value="Java Virtual Machine Specification"/>
    <property name="java.awt.printerjob" value="sun.awt.windows.WPrinterJob"/>
    <property name="sun.os.patch.level" value=""/>
    <property name="java.library.path" value="C:\Program Files\Java\jdk-11.0.9\bin;C:\WINDOWS\Sun\Java\bin;C:\WINDOWS\system32;C:\WINDOWS;C:\Program Files\Common Files\Oracle\Java\javapath;C:\Program Files (x86)\Common Files\Oracle\Java\javapath;C:\WINDOWS\system32;C:\WINDOWS;C:\WINDOWS\System32\Wbem;C:\WINDOWS\System32\WindowsPowerShell\v1.0\;C:\WINDOWS\System32\OpenSSH\;C:\Program Files\nodejs\;C:\Program Files\Git\cmd;C:\wamp64\bin\php\php7.4.0;C:\xampp\php;C:\wamp64\bin\php;C:\composer;C:\Program Files\Java\jre1.8.0_251\bin;C:\Program Files\MySQL\MySQL Shell 8.0\bin\;C:\Users\Aki\AppData\Local\Microsoft\WindowsApps;C:\Users\Aki\AppData\Local\Programs\Microsoft VS Code\bin;C:\Users\Aki\AppData\Roaming\npm;C:\Users\Aki\composer;C:\Users\Aki\AppData\Roaming\Composer\vendor\bin;C:\xampp\php;C:\wamp64\bin\php;C:\php;C:\Users\Aki\Downloads\jdk-15_windows-x64_bin\jdk-15\bin;C:\Program Files\Java\jdk-11.0.9\bin;;."/>
    <property name="java.vendor" value="Oracle Corporation"/>
    <property name="java.vm.info" value="mixed mode"/>
    <property name="java.vm.version" value="11.0.9+7-LTS"/>
    <property name="sun.io.unicode.encoding" value="UnicodeLittle"/>
    <property name="java.class.version" value="55.0"/>
  </properties>
  <testcase name="shouldAnswerWithTrue" classname="nosql.mongodb.projekat.AppTest" time="0.002"/>
</testsuite>